Info: Nothing to build for GProject
Info: Nothing to build for GProject
Info: Nothing to build for GProject
12:12:49 **** Rebuild of configuration Release for project GProject ****
Info: Internal Builder is used for build
gcc -O3 -Wall -c -fmessage-length=0 -o "src\\main.o" "..\\src\\main.c" 
gcc -o GProject.exe "src\\main.o" 
12:23:33 **** Incremental Build of configuration Release for project GProject ****
Info: Internal Builder is used for build
gcc -O3 -Wall -c -fmessage-length=0 -o "src\\main.o" "..\\src\\main.c" 
..\src\main.c:2:10: fatal error: GSetting.h: No such file or directory
 #include "GSetting.h"
          ^~~~~~~~~~~~
compilation terminated.
12:24:58 **** Incremental Build of configuration Release for project GProject ****
Info: Internal Builder is used for build
gcc -O3 -Wall -c -fmessage-length=0 -o "src\\main.o" "..\\src\\main.c" 
..\src\main.c:2:10: fatal error: GSetting.h: No such file or directory
 #include "GSetting.h"
          ^~~~~~~~~~~~
compilation terminated.
12:26:03 **** Incremental Build of configuration Release for project GProject ****
Info: Internal Builder is used for build
gcc "-IC:\\Users\\gerard\\Downloads\\Gerard\\Programs\\C\\code\\eclipse\\GProject\\src\\manager" -O3 -Wall -c -fmessage-length=0 -o "src\\main.o" "..\\src\\main.c" 
In file included from ..\src\main.c:2:
C:\Users\gerard\Downloads\Gerard\Programs\C\code\eclipse\GProject\src\manager/GSetting.h:5:10: fatal error: GInclude.h: No such file or directory
 #include "GInclude.h"
          ^~~~~~~~~~~~
compilation terminated.
12:27:20 **** Incremental Build of configuration Release for project GProject ****
Info: Internal Builder is used for build
gcc "-IC:\\Users\\gerard\\Downloads\\Gerard\\Programs\\C\\code\\eclipse\\GProject\\src\\manager" -O3 -Wall -c -fmessage-length=0 -o "src\\main.o" "..\\src\\main.c" 
gcc "-IC:\\Users\\gerard\\Downloads\\Gerard\\Programs\\C\\code\\eclipse\\GProject\\src\\manager" -O3 -Wall -c -fmessage-length=0 -o "src\\manager\\GSetting.o" "..\\src\\manager\\GSetting.c" 
..\src\manager\GSetting.c:3:10: fatal error: GString.h: No such file or directory
 #include "GString.h"
          ^~~~~~~~~~~
compilation terminated.
12:27:33 **** Incremental Build of configuration Release for project GProject ****
Info: Internal Builder is used for build
gcc "-IC:\\Users\\gerard\\Downloads\\Gerard\\Programs\\C\\code\\eclipse\\GProject\\src\\manager" -O3 -Wall -c -fmessage-length=0 -o "src\\manager\\GSetting.o" "..\\src\\manager\\GSetting.c" 
..\src\manager\GSetting.c:3:10: fatal error: GString.h: No such file or directory
 #include "GString.h"
          ^~~~~~~~~~~
compilation terminated.
12:29:00 **** Incremental Build of configuration Release for project GProject ****
Info: Internal Builder is used for build
gcc "-IC:\\Users\\gerard\\Downloads\\Gerard\\Programs\\C\\code\\eclipse\\GProject\\src\\manager" -O3 -Wall -c -fmessage-length=0 -o "src\\manager\\GSetting.o" "..\\src\\manager\\GSetting.c" 
..\src\manager\GSetting.c:4:10: fatal error: GConfig.h: No such file or directory
 #include "GConfig.h"
          ^~~~~~~~~~~
compilation terminated.
12:29:05 **** Incremental Build of configuration Release for project GProject ****
Info: Internal Builder is used for build
gcc "-IC:\\Users\\gerard\\Downloads\\Gerard\\Programs\\C\\code\\eclipse\\GProject\\src\\manager" -O3 -Wall -c -fmessage-length=0 -o "src\\manager\\GSetting.o" "..\\src\\manager\\GSetting.c" 
..\src\manager\GSetting.c:4:10: fatal error: GConfig.h: No such file or directory
 #include "GConfig.h"
          ^~~~~~~~~~~
compilation terminated.
12:30:08 **** Incremental Build of configuration Release for project GProject ****
Info: Internal Builder is used for build
gcc "-IC:\\Users\\gerard\\Downloads\\Gerard\\Programs\\C\\code\\eclipse\\GProject\\src\\manager" -O3 -Wall -c -fmessage-length=0 -o "src\\manager\\GProcess.o" "..\\src\\manager\\GProcess.c" 
..\src\manager\GProcess.c:3:10: fatal error: GProcessClass.h: No such file or directory
 #include "GProcessClass.h"
          ^~~~~~~~~~~~~~~~~
compilation terminated.
12:30:48 **** Incremental Build of configuration Release for project GProject ****
Info: Internal Builder is used for build
gcc "-IC:\\Users\\gerard\\Downloads\\Gerard\\Programs\\C\\code\\eclipse\\GProject\\src\\manager" -O3 -Wall -c -fmessage-length=0 -o "src\\manager\\GSetting.o" "..\\src\\manager\\GSetting.c" 
gcc "-IC:\\Users\\gerard\\Downloads\\Gerard\\Programs\\C\\code\\eclipse\\GProject\\src\\manager" -O3 -Wall -c -fmessage-length=0 -o "src\\manager\\GString.o" "..\\src\\manager\\GString.c" 
gcc "-IC:\\Users\\gerard\\Downloads\\Gerard\\Programs\\C\\code\\eclipse\\GProject\\src\\manager" -O3 -Wall -c -fmessage-length=0 -o "src\\main.o" "..\\src\\main.c" 
gcc "-IC:\\Users\\gerard\\Downloads\\Gerard\\Programs\\C\\code\\eclipse\\GProject\\src\\manager" -O3 -Wall -c -fmessage-length=0 -o "src\\manager\\GProcess.o" "..\\src\\manager\\GProcess.c" 
..\src\manager\GProcess.c:3:10: fatal error: GProcessClass.h: No such file or directory
 #include "GProcessClass.h"
          ^~~~~~~~~~~~~~~~~
compilation terminated.
12:32:27 **** Incremental Build of configuration Release for project GProject ****
Info: Internal Builder is used for build
gcc "-IC:\\Users\\gerard\\Downloads\\Gerard\\Programs\\C\\code\\eclipse\\GProject\\src\\manager" -O3 -Wall -c -fmessage-length=0 -o "src\\manager\\GProcess.o" "..\\src\\manager\\GProcess.c" 
..\src\manager\GProcess.c: In function 'GProcess':
..\src\manager\GProcess.c:27:57: warning: implicit declaration of function 'GProcessInheritance'; did you mean 'GProcess_Delete'? [-Wimplicit-function-declaration]
     if(GString()->Is_Equal(lKey, "INHERITANCE")) return GProcessInheritance();
                                                         ^~~~~~~~~~~~~~~~~~~
                                                         GProcess_Delete
..\src\manager\GProcess.c:27:57: warning: returning 'int' from a function with return type 'GProcessO *' {aka 'struct _GProcessO *'} makes pointer from integer without a cast [-Wint-conversion]
     if(GString()->Is_Equal(lKey, "INHERITANCE")) return GProcessInheritance();
                                                         ^~~~~~~~~~~~~~~~~~~~~
..\src\manager\GProcess.c:28:58: warning: implicit declaration of function 'GProcessPolymorphism'; did you mean 'GProcessClass'? [-Wimplicit-function-declaration]
     if(GString()->Is_Equal(lKey, "POLYMORPHISM")) return GProcessPolymorphism();
                                                          ^~~~~~~~~~~~~~~~~~~~
                                                          GProcessClass
..\src\manager\GProcess.c:28:58: warning: returning 'int' from a function with return type 'GProcessO *' {aka 'struct _GProcessO *'} makes pointer from integer without a cast [-Wint-conversion]
     if(GString()->Is_Equal(lKey, "POLYMORPHISM")) return GProcessPolymorphism();
                                                          ^~~~~~~~~~~~~~~~~~~~~~
..\src\manager\GProcess.c:29:55: warning: implicit declaration of function 'GProcessSingleton'; did you mean 'GProcess_Delete'? [-Wimplicit-function-declaration]
     if(GString()->Is_Equal(lKey, "SINGLETON")) return GProcessSingleton();
                                                       ^~~~~~~~~~~~~~~~~
                                                       GProcess_Delete
..\src\manager\GProcess.c:29:55: warning: returning 'int' from a function with return type 'GProcessO *' {aka 'struct _GProcessO *'} makes pointer from integer without a cast [-Wint-conversion]
     if(GString()->Is_Equal(lKey, "SINGLETON")) return GProcessSingleton();
                                                       ^~~~~~~~~~~~~~~~~~~
..\src\manager\GProcess.c:30:54: warning: implicit declaration of function 'GProcessStrategy'; did you mean 'GProcessClass'? [-Wimplicit-function-declaration]
     if(GString()->Is_Equal(lKey, "STRATEGY")) return GProcessStrategy();
                                                      ^~~~~~~~~~~~~~~~
                                                      GProcessClass
..\src\manager\GProcess.c:30:54: warning: returning 'int' from a function with return type 'GProcessO *' {aka 'struct _GProcessO *'} makes pointer from integer without a cast [-Wint-conversion]
     if(GString()->Is_Equal(lKey, "STRATEGY")) return GProcessStrategy();
                                                      ^~~~~~~~~~~~~~~~~~
gcc -o GProject.exe "src\\main.o" "src\\manager\\GProcess.o" "src\\manager\\GSetting.o" "src\\manager\\GString.o" 
src\manager\GProcess.o:GProcess.c:(.text+0x66): undefined reference to `GConfig'
src\manager\GProcess.o:GProcess.c:(.text+0xe6): undefined reference to `GProcessStrategy'
src\manager\GProcess.o:GProcess.c:(.text+0xf1): undefined reference to `GProcessInheritance'
src\manager\GProcess.o:GProcess.c:(.text+0x111): undefined reference to `GProcessSingleton'
src\manager\GProcess.o:GProcess.c:(.text+0x121): undefined reference to `GProcessPolymorphism'
src\manager\GProcess.o:GProcess.c:(.text+0x106): undefined reference to `GProcessClass'
src\manager\GSetting.o:GSetting.c:(.text+0x96): undefined reference to `GConfig'
src\manager\GSetting.o:GSetting.c:(.text+0xf1): undefined reference to `GConfig'
collect2.exe: error: ld returned 1 exit status
12:32:32 **** Incremental Build of configuration Release for project GProject ****
Info: Internal Builder is used for build
gcc "-IC:\\Users\\gerard\\Downloads\\Gerard\\Programs\\C\\code\\eclipse\\GProject\\src\\manager" -O3 -Wall -c -fmessage-length=0 -o "src\\manager\\GProcessClass.o" "..\\src\\manager\\GProcessClass.c" 
..\src\manager\GProcessClass.c:3:10: fatal error: GPerson.h: No such file or directory
 #include "GPerson.h"
          ^~~~~~~~~~~
compilation terminated.
12:33:14 **** Incremental Build of configuration Release for project GProject ****
Info: Internal Builder is used for build
gcc "-IC:\\Users\\gerard\\Downloads\\Gerard\\Programs\\C\\code\\eclipse\\GProject\\src\\manager" -O3 -Wall -c -fmessage-length=0 -o "src\\manager\\GProcessClass.o" "..\\src\\manager\\GProcessClass.c" 
..\src\manager\GProcessClass.c:3:10: fatal error: GPerson.h: No such file or directory
 #include "GPerson.h"
          ^~~~~~~~~~~
compilation terminated.
12:34:12 **** Incremental Build of configuration Release for project GProject ****
Info: Internal Builder is used for build
gcc "-IC:\\Users\\gerard\\Downloads\\Gerard\\Programs\\C\\code\\eclipse\\GProject\\src\\manager" -O3 -Wall -c -fmessage-length=0 -o "src\\manager\\GProcess.o" "..\\src\\manager\\GProcess.c" 
..\src\manager\GProcess.c:3:10: fatal error: GProcessAscii.h: No such file or directory
 #include "GProcessAscii.h"
          ^~~~~~~~~~~~~~~~~
compilation terminated.
12:34:17 **** Incremental Build of configuration Release for project GProject ****
Info: Internal Builder is used for build
gcc "-IC:\\Users\\gerard\\Downloads\\Gerard\\Programs\\C\\code\\eclipse\\GProject\\src\\manager" -O3 -Wall -c -fmessage-length=0 -o "src\\manager\\GProcess.o" "..\\src\\manager\\GProcess.c" 
..\src\manager\GProcess.c:3:10: fatal error: GProcessAscii.h: No such file or directory
 #include "GProcessAscii.h"
          ^~~~~~~~~~~~~~~~~
compilation terminated.
12:34:53 **** Incremental Build of configuration Release for project GProject ****
Info: Internal Builder is used for build
gcc "-IC:\\Users\\gerard\\Downloads\\Gerard\\Programs\\C\\code\\eclipse\\GProject\\src\\manager" -O3 -Wall -c -fmessage-length=0 -o "src\\manager\\GProcessAscii.o" "..\\src\\manager\\GProcessAscii.c" 
..\src\manager\GProcessAscii.c:2:10: fatal error: GProcessClass.h: No such file or directory
 #include "GProcessClass.h"
          ^~~~~~~~~~~~~~~~~
compilation terminated.
12:35:12 **** Incremental Build of configuration Release for project GProject ****
Info: Internal Builder is used for build
gcc "-IC:\\Users\\gerard\\Downloads\\Gerard\\Programs\\C\\code\\eclipse\\GProject\\src\\manager" -O3 -Wall -c -fmessage-length=0 -o "src\\manager\\GProcess.o" "..\\src\\manager\\GProcess.c" 
gcc "-IC:\\Users\\gerard\\Downloads\\Gerard\\Programs\\C\\code\\eclipse\\GProject\\src\\manager" -O3 -Wall -c -fmessage-length=0 -o "src\\manager\\GProcessAscii.o" "..\\src\\manager\\GProcessAscii.c" 
..\src\manager\GProcessAscii.c:3:10: fatal error: GPerson.h: No such file or directory
 #include "GPerson.h"
          ^~~~~~~~~~~
compilation terminated.
12:35:40 **** Incremental Build of configuration Release for project GProject ****
Info: Internal Builder is used for build
gcc "-IC:\\Users\\gerard\\Downloads\\Gerard\\Programs\\C\\code\\eclipse\\GProject\\src\\manager" -O3 -Wall -c -fmessage-length=0 -o "src\\manager\\GProcessAscii.o" "..\\src\\manager\\GProcessAscii.c" 
..\src\manager\GProcessAscii.c:3:10: fatal error: GPerson.h: No such file or directory
 #include "GPerson.h"
          ^~~~~~~~~~~
compilation terminated.
12:35:47 **** Incremental Build of configuration Release for project GProject ****
Info: Internal Builder is used for build
gcc "-IC:\\Users\\gerard\\Downloads\\Gerard\\Programs\\C\\code\\eclipse\\GProject\\src\\manager" -O3 -Wall -c -fmessage-length=0 -o "src\\manager\\GProcessAscii.o" "..\\src\\manager\\GProcessAscii.c" 
gcc -o GProject.exe "src\\main.o" "src\\manager\\GProcess.o" "src\\manager\\GProcessAscii.o" "src\\manager\\GSetting.o" "src\\manager\\GString.o" 
src\manager\GProcess.o:GProcess.c:(.text+0x66): undefined reference to `GConfig'
src\manager\GSetting.o:GSetting.c:(.text+0x96): undefined reference to `GConfig'
src\manager\GSetting.o:GSetting.c:(.text+0xf1): undefined reference to `GConfig'
collect2.exe: error: ld returned 1 exit status
12:35:58 **** Clean-only build of configuration Release for project GProject ****
rm -rf src/manager/GSetting.o src/manager/GProcessAscii.o src/manager/GSetting.d src/main.o src/manager/GProcess.d src/manager/GString.d src/main.d src/manager/GProcessAscii.d src/manager/GProcess.o src/manager/GString.o GProject.exe 
Cannot run program "rm": Launching failed

Error: Program "rm" not found in PATH
PATH=[C:\Users\gerard\Downloads\Gerard\x86_64-8.1.0-release-win32-sjlj-rt_v6-rev0\mingw64\bin;\bin;\usr\bin;C:/Program Files/Java/jdk-12/bin/server;C:/Program Files/Java/jdk-12/bin;C:\Users\gerard\Downloads\Gerard\x86_64-8.1.0-release-win32-sjlj-rt_v6-rev0\mingw64\bin;C:\Users\gerard\Downloads\Gerard\eclipse-cpp-2019-06-M2-win32-x86_64\eclipse;C:\Program Files\Java\jdk-12\bin;;C:\Users\gerard\Downloads\Gerard\Programs\C\code\eclipse]

12:35:58 **** Clean-only build of configuration Release for project GProject ****
12:36:00 **** Rebuild of configuration Release for project GProject ****
Info: Internal Builder is used for build
gcc "-IC:\\Users\\gerard\\Downloads\\Gerard\\Programs\\C\\code\\eclipse\\GProject\\src\\manager" -O3 -Wall -c -fmessage-length=0 -o "src\\main.o" "..\\src\\main.c" 
gcc "-IC:\\Users\\gerard\\Downloads\\Gerard\\Programs\\C\\code\\eclipse\\GProject\\src\\manager" -O3 -Wall -c -fmessage-length=0 -o "src\\manager\\GSetting.o" "..\\src\\manager\\GSetting.c" 
gcc "-IC:\\Users\\gerard\\Downloads\\Gerard\\Programs\\C\\code\\eclipse\\GProject\\src\\manager" -O3 -Wall -c -fmessage-length=0 -o "src\\manager\\GProcess.o" "..\\src\\manager\\GProcess.c" 
gcc "-IC:\\Users\\gerard\\Downloads\\Gerard\\Programs\\C\\code\\eclipse\\GProject\\src\\manager" -O3 -Wall -c -fmessage-length=0 -o "src\\manager\\GProcessAscii.o" "..\\src\\manager\\GProcessAscii.c" 
gcc "-IC:\\Users\\gerard\\Downloads\\Gerard\\Programs\\C\\code\\eclipse\\GProject\\src\\manager" -O3 -Wall -c -fmessage-length=0 -o "src\\manager\\GString.o" "..\\src\\manager\\GString.c" 
gcc -o GProject.exe "src\\main.o" "src\\manager\\GProcess.o" "src\\manager\\GProcessAscii.o" "src\\manager\\GSetting.o" "src\\manager\\GString.o" 
src\manager\GProcess.o:GProcess.c:(.text+0x66): undefined reference to `GConfig'
src\manager\GSetting.o:GSetting.c:(.text+0x96): undefined reference to `GConfig'
src\manager\GSetting.o:GSetting.c:(.text+0xf1): undefined reference to `GConfig'
collect2.exe: error: ld returned 1 exit status
12:37:11 **** Incremental Build of configuration Release for project GProject ****
Info: Internal Builder is used for build
gcc "-IC:\\Users\\gerard\\Downloads\\Gerard\\Programs\\C\\code\\eclipse\\GProject\\src\\manager" -O3 -Wall -c -fmessage-length=0 -o "src\\manager\\GConfig.o" "..\\src\\manager\\GConfig.c" 
..\src\manager\GConfig.c:3:10: fatal error: GConfigNormal.h: No such file or directory
 #include "GConfigNormal.h"
          ^~~~~~~~~~~~~~~~~
compilation terminated.
12:38:08 **** Incremental Build of configuration Release for project GProject ****
Info: Internal Builder is used for build
gcc "-IC:\\Users\\gerard\\Downloads\\Gerard\\Programs\\C\\code\\eclipse\\GProject\\src\\manager" -O3 -Wall -c -fmessage-length=0 -o "src\\manager\\GConfig.o" "..\\src\\manager\\GConfig.c" 
gcc "-IC:\\Users\\gerard\\Downloads\\Gerard\\Programs\\C\\code\\eclipse\\GProject\\src\\manager" -O3 -Wall -c -fmessage-length=0 -o "src\\manager\\GConfigNormal.o" "..\\src\\manager\\GConfigNormal.c" 
gcc -o GProject.exe "src\\main.o" "src\\manager\\GConfig.o" "src\\manager\\GConfigNormal.o" "src\\manager\\GProcess.o" "src\\manager\\GProcessAscii.o" "src\\manager\\GSetting.o" "src\\manager\\GString.o" 
12:39:48 **** Incremental Build of configuration Release for project GProject ****
Info: Internal Builder is used for build
gcc "-IC:\\Users\\gerard\\Downloads\\Gerard\\Programs\\C\\code\\eclipse\\GProject\\src\\manager" -O3 -Wall -c -fmessage-length=0 -o "src\\main.o" "..\\src\\main.c" 
gcc "-IC:\\Users\\gerard\\Downloads\\Gerard\\Programs\\C\\code\\eclipse\\GProject\\src\\manager" -O3 -Wall -c -fmessage-length=0 -o "src\\manager\\GProcessAscii.o" "..\\src\\manager\\GProcessAscii.c" 
gcc -o GProject.exe "src\\main.o" "src\\manager\\GConfig.o" "src\\manager\\GConfigNormal.o" "src\\manager\\GProcess.o" "src\\manager\\GProcessAscii.o" "src\\manager\\GSetting.o" "src\\manager\\GString.o" 
13:46:23 **** Incremental Build of configuration Release for project GProject ****
Info: Internal Builder is used for build
gcc "-IC:\\Users\\gerard\\Downloads\\Gerard\\Programs\\C\\code\\eclipse\\GProject\\src\\manager" -O3 -Wall -c -fmessage-length=0 -o "src\\manager\\GProcessAscii.o" "..\\src\\manager\\GProcessAscii.c" 
..\src\manager\GProcessAscii.c: In function 'GProcessAscii_Run':
..\src\manager\GProcessAscii.c:34:11: warning: passing argument 1 of 'fprintf' from incompatible pointer type [-Wincompatible-pointer-types]
   fprintf(lPrint, "caractere = %d", i);
           ^~~~~~
In file included from ..\src\manager\GInclude.h:5,
                 from ..\src\manager\GProcess.h:5,
                 from ..\src\manager\GProcessAscii.h:5,
                 from ..\src\manager\GProcessAscii.c:2:
C:/Users/gerard/Downloads/Gerard/x86_64-8.1.0-release-win32-sjlj-rt_v6-rev0/mingw64/x86_64-w64-mingw32/include/stdio.h:507:43: note: expected 'FILE * restrict' {aka 'struct _iobuf * restrict'} but argument is of type 'char *'
   int __cdecl fprintf(FILE * __restrict__ _File,const char * __restrict__ _Format,...);
                       ~~~~~~~~~~~~~~~~~~~~^~~~~
gcc -o GProject.exe "src\\main.o" "src\\manager\\GConfig.o" "src\\manager\\GConfigNormal.o" "src\\manager\\GProcess.o" "src\\manager\\GProcessAscii.o" "src\\manager\\GSetting.o" "src\\manager\\GString.o" 
13:46:33 **** Incremental Build of configuration Release for project GProject ****
Info: Internal Builder is used for build
gcc "-IC:\\Users\\gerard\\Downloads\\Gerard\\Programs\\C\\code\\eclipse\\GProject\\src\\manager" -O3 -Wall -c -fmessage-length=0 -o "src\\manager\\GProcessAscii.o" "..\\src\\manager\\GProcessAscii.c" 
gcc -o GProject.exe "src\\main.o" "src\\manager\\GConfig.o" "src\\manager\\GConfigNormal.o" "src\\manager\\GProcess.o" "src\\manager\\GProcessAscii.o" "src\\manager\\GSetting.o" "src\\manager\\GString.o" 
13:49:06 **** Incremental Build of configuration Release for project GProject ****
Info: Internal Builder is used for build
gcc "-IC:\\Users\\gerard\\Downloads\\Gerard\\Programs\\C\\code\\eclipse\\GProject\\src\\manager" -O3 -Wall -c -fmessage-length=0 -o "src\\manager\\GProcessAscii.o" "..\\src\\manager\\GProcessAscii.c" 
gcc -o GProject.exe "src\\main.o" "src\\manager\\GConfig.o" "src\\manager\\GConfigNormal.o" "src\\manager\\GProcess.o" "src\\manager\\GProcessAscii.o" "src\\manager\\GSetting.o" "src\\manager\\GString.o" 
13:50:01 **** Incremental Build of configuration Release for project GProject ****
Info: Internal Builder is used for build
gcc "-IC:\\Users\\gerard\\Downloads\\Gerard\\Programs\\C\\code\\eclipse\\GProject\\src\\manager" -O3 -Wall -c -fmessage-length=0 -o "src\\manager\\GProcessAscii.o" "..\\src\\manager\\GProcessAscii.c" 
gcc -o GProject.exe "src\\main.o" "src\\manager\\GConfig.o" "src\\manager\\GConfigNormal.o" "src\\manager\\GProcess.o" "src\\manager\\GProcessAscii.o" "src\\manager\\GSetting.o" "src\\manager\\GString.o" 
13:50:42 **** Incremental Build of configuration Release for project GProject ****
Info: Internal Builder is used for build
gcc "-IC:\\Users\\gerard\\Downloads\\Gerard\\Programs\\C\\code\\eclipse\\GProject\\src\\manager" -O3 -Wall -c -fmessage-length=0 -o "src\\manager\\GProcessAscii.o" "..\\src\\manager\\GProcessAscii.c" 
gcc -o GProject.exe "src\\main.o" "src\\manager\\GConfig.o" "src\\manager\\GConfigNormal.o" "src\\manager\\GProcess.o" "src\\manager\\GProcessAscii.o" "src\\manager\\GSetting.o" "src\\manager\\GString.o" 
13:51:39 **** Incremental Build of configuration Release for project GProject ****
Info: Internal Builder is used for build
gcc "-IC:\\Users\\gerard\\Downloads\\Gerard\\Programs\\C\\code\\eclipse\\GProject\\src\\manager" -O3 -Wall -c -fmessage-length=0 -o "src\\manager\\GProcessAscii.o" "..\\src\\manager\\GProcessAscii.c" 
gcc -o GProject.exe "src\\main.o" "src\\manager\\GConfig.o" "src\\manager\\GConfigNormal.o" "src\\manager\\GProcess.o" "src\\manager\\GProcessAscii.o" "src\\manager\\GSetting.o" "src\\manager\\GString.o" 
13:52:51 **** Incremental Build of configuration Release for project GProject ****
Info: Internal Builder is used for build
gcc "-IC:\\Users\\gerard\\Downloads\\Gerard\\Programs\\C\\code\\eclipse\\GProject\\src\\manager" -O3 -Wall -c -fmessage-length=0 -o "src\\manager\\GProcessAscii.o" "..\\src\\manager\\GProcessAscii.c" 
gcc -o GProject.exe "src\\main.o" "src\\manager\\GConfig.o" "src\\manager\\GConfigNormal.o" "src\\manager\\GProcess.o" "src\\manager\\GProcessAscii.o" "src\\manager\\GSetting.o" "src\\manager\\GString.o" 
13:55:03 **** Incremental Build of configuration Release for project GProject ****
Info: Internal Builder is used for build
gcc "-IC:\\Users\\gerard\\Downloads\\Gerard\\Programs\\C\\code\\eclipse\\GProject\\src\\manager" -O3 -Wall -c -fmessage-length=0 -o "src\\manager\\GProcessAscii.o" "..\\src\\manager\\GProcessAscii.c" 
gcc -o GProject.exe "src\\main.o" "src\\manager\\GConfig.o" "src\\manager\\GConfigNormal.o" "src\\manager\\GProcess.o" "src\\manager\\GProcessAscii.o" "src\\manager\\GSetting.o" "src\\manager\\GString.o" 
13:55:45 **** Incremental Build of configuration Release for project GProject ****
Info: Internal Builder is used for build
gcc "-IC:\\Users\\gerard\\Downloads\\Gerard\\Programs\\C\\code\\eclipse\\GProject\\src\\manager" -O3 -Wall -c -fmessage-length=0 -o "src\\manager\\GProcessAscii.o" "..\\src\\manager\\GProcessAscii.c" 
gcc -o GProject.exe "src\\main.o" "src\\manager\\GConfig.o" "src\\manager\\GConfigNormal.o" "src\\manager\\GProcess.o" "src\\manager\\GProcessAscii.o" "src\\manager\\GSetting.o" "src\\manager\\GString.o" 
13:57:32 **** Incremental Build of configuration Release for project GProject ****
Info: Internal Builder is used for build
gcc "-IC:\\Users\\gerard\\Downloads\\Gerard\\Programs\\C\\code\\eclipse\\GProject\\src\\manager" -O3 -Wall -c -fmessage-length=0 -o "src\\manager\\GProcessAscii.o" "..\\src\\manager\\GProcessAscii.c" 
gcc -o GProject.exe "src\\main.o" "src\\manager\\GConfig.o" "src\\manager\\GConfigNormal.o" "src\\manager\\GProcess.o" "src\\manager\\GProcessAscii.o" "src\\manager\\GSetting.o" "src\\manager\\GString.o" 
14:04:07 **** Incremental Build of configuration Release for project GProject ****
Info: Internal Builder is used for build
gcc "-IC:\\Users\\gerard\\Downloads\\Gerard\\Programs\\C\\code\\eclipse\\GProject\\src\\manager" -O3 -Wall -c -fmessage-length=0 -o "src\\manager\\GProcessExo4.o" "..\\src\\manager\\GProcessExo4.c" 
gcc "-IC:\\Users\\gerard\\Downloads\\Gerard\\Programs\\C\\code\\eclipse\\GProject\\src\\manager" -O3 -Wall -c -fmessage-length=0 -o "src\\manager\\GProcessExo6.o" "..\\src\\manager\\GProcessExo6.c" 
..\src\manager\GProcessExo6.c:2:10: fatal error: GProcessAscii.h: No such file or directory
 #include "GProcessAscii.h"
          ^~~~~~~~~~~~~~~~~
compilation terminated.
14:04:56 **** Incremental Build of configuration Release for project GProject ****
Info: Internal Builder is used for build
gcc "-IC:\\Users\\gerard\\Downloads\\Gerard\\Programs\\C\\code\\eclipse\\GProject\\src\\manager" -O3 -Wall -c -fmessage-length=0 -o "src\\manager\\GProcessExo6.o" "..\\src\\manager\\GProcessExo6.c" 
gcc "-IC:\\Users\\gerard\\Downloads\\Gerard\\Programs\\C\\code\\eclipse\\GProject\\src\\manager" -O3 -Wall -c -fmessage-length=0 -o "src\\manager\\GProcessExo5.o" "..\\src\\manager\\GProcessExo5.c" 
..\src\manager\GProcessExo5.c:2:10: fatal error: GProcessAscii.h: No such file or directory
 #include "GProcessAscii.h"
          ^~~~~~~~~~~~~~~~~
compilation terminated.
14:05:58 **** Incremental Build of configuration Release for project GProject ****
Info: Internal Builder is used for build
gcc "-IC:\\Users\\gerard\\Downloads\\Gerard\\Programs\\C\\code\\eclipse\\GProject\\src\\manager" -O3 -Wall -c -fmessage-length=0 -o "src\\manager\\GProcessExo5.o" "..\\src\\manager\\GProcessExo5.c" 
..\src\manager\GProcessExo5.c:2:10: fatal error: GProcessAscii.h: No such file or directory
 #include "GProcessAscii.h"
          ^~~~~~~~~~~~~~~~~
compilation terminated.
14:06:35 **** Incremental Build of configuration Release for project GProject ****
Info: Internal Builder is used for build
gcc "-IC:\\Users\\gerard\\Downloads\\Gerard\\Programs\\C\\code\\eclipse\\GProject\\src\\manager" -O3 -Wall -c -fmessage-length=0 -o "src\\manager\\GProcess.o" "..\\src\\manager\\GProcess.c" 
..\src\manager\GProcess.c: In function 'GProcess':
..\src\manager\GProcess.c:29:34: warning: missing terminating " character
     if(GString()->Is_Equal(lKey, "Exo5)) return GProcessExo5();
                                  ^
..\src\manager\GProcess.c:29:34: error: missing terminating " character
     if(GString()->Is_Equal(lKey, "Exo5)) return GProcessExo5();
                                  ^~~~~~~~~~~~~~~~~~~~~~~~~~~~~~
..\src\manager\GProcess.c:30:5: error: expected expression before 'if'
     if(GString()->Is_Equal(lKey, "Exo6")) return GProcessExo6();
     ^~
..\src\manager\GProcess.c:31:27: error: expected ')' before '}' token
     return GProcessExo4();
                           ^
                           )
 }
 ~                          
..\src\manager\GProcess.c:29:7: note: to match this '('
     if(GString()->Is_Equal(lKey, "Exo5)) return GProcessExo5();
       ^
..\src\manager\GProcess.c:32:1: error: expected expression before '}' token
 }
 ^
..\src\manager\GProcess.c:32:1: warning: control reaches end of non-void function [-Wreturn-type]
 }
 ^
14:06:56 **** Incremental Build of configuration Release for project GProject ****
Info: Internal Builder is used for build
gcc "-IC:\\Users\\gerard\\Downloads\\Gerard\\Programs\\C\\code\\eclipse\\GProject\\src\\manager" -O3 -Wall -c -fmessage-length=0 -o "src\\manager\\GProcess.o" "..\\src\\manager\\GProcess.c" 
..\src\manager\GProcess.c: In function 'GProcess':
..\src\manager\GProcess.c:29:34: warning: missing terminating " character
     if(GString()->Is_Equal(lKey, "Exo5)) return GProcessExo5();
                                  ^
..\src\manager\GProcess.c:29:34: error: missing terminating " character
     if(GString()->Is_Equal(lKey, "Exo5)) return GProcessExo5();
                                  ^~~~~~~~~~~~~~~~~~~~~~~~~~~~~~
..\src\manager\GProcess.c:30:5: error: expected expression before 'if'
     if(GString()->Is_Equal(lKey, "Exo6")) return GProcessExo6();
     ^~
..\src\manager\GProcess.c:31:27: error: expected ')' before '}' token
     return GProcessExo4();
                           ^
                           )
 }
 ~                          
..\src\manager\GProcess.c:29:7: note: to match this '('
     if(GString()->Is_Equal(lKey, "Exo5)) return GProcessExo5();
       ^
..\src\manager\GProcess.c:32:1: error: expected expression before '}' token
 }
 ^
..\src\manager\GProcess.c:32:1: warning: control reaches end of non-void function [-Wreturn-type]
 }
 ^
14:07:32 **** Incremental Build of configuration Release for project GProject ****
Info: Internal Builder is used for build
gcc "-IC:\\Users\\gerard\\Downloads\\Gerard\\Programs\\C\\code\\eclipse\\GProject\\src\\manager" -O3 -Wall -c -fmessage-length=0 -o "src\\manager\\GProcessExo5.o" "..\\src\\manager\\GProcessExo5.c" 
gcc "-IC:\\Users\\gerard\\Downloads\\Gerard\\Programs\\C\\code\\eclipse\\GProject\\src\\manager" -O3 -Wall -c -fmessage-length=0 -o "src\\manager\\GProcess.o" "..\\src\\manager\\GProcess.c" 
gcc -o GProject.exe "src\\main.o" "src\\manager\\GConfig.o" "src\\manager\\GConfigNormal.o" "src\\manager\\GProcess.o" "src\\manager\\GProcessExo4.o" "src\\manager\\GProcessExo5.o" "src\\manager\\GProcessExo6.o" "src\\manager\\GSetting.o" "src\\manager\\GString.o" 
14:10:03 **** Incremental Build of configuration Release for project GProject ****
Info: Internal Builder is used for build
gcc "-IC:\\Users\\gerard\\Downloads\\Gerard\\Programs\\C\\code\\eclipse\\GProject\\src\\manager" -O3 -Wall -c -fmessage-length=0 -o "src\\manager\\GProcess.o" "..\\src\\manager\\GProcess.c" 
gcc "-IC:\\Users\\gerard\\Downloads\\Gerard\\Programs\\C\\code\\eclipse\\GProject\\src\\manager" -O3 -Wall -c -fmessage-length=0 -o "src\\manager\\GProcessExo3.o" "..\\src\\manager\\GProcessExo3.c" 
gcc -o GProject.exe "src\\main.o" "src\\manager\\GConfig.o" "src\\manager\\GConfigNormal.o" "src\\manager\\GProcess.o" "src\\manager\\GProcessExo3.o" "src\\manager\\GProcessExo4.o" "src\\manager\\GProcessExo5.o" "src\\manager\\GProcessExo6.o" "src\\manager\\GSetting.o" "src\\manager\\GString.o" 
14:21:51 **** Incremental Build of configuration Release for project GProject ****
Info: Internal Builder is used for build
gcc "-IC:\\Users\\gerard\\Downloads\\Gerard\\Programs\\C\\code\\eclipse\\GProject\\src\\manager" -O3 -Wall -c -fmessage-length=0 -o "src\\manager\\GProcessExo4.o" "..\\src\\manager\\GProcessExo4.c" 
..\src\manager\GProcessExo4.c: In function 'GProcessExo4_Run':
..\src\manager\GProcessExo4.c:41:41: warning: format '%d' expects a matching 'int' argument [-Wformat=]
   if(lParity == 0) {printf("Le nombre (%d) est un nombre PAIR\n");}
                                        ~^
..\src\manager\GProcessExo4.c:41:41: warning: format '%d' expects a matching 'int' argument [-Wformat=]
..\src\manager\GProcessExo4.c:42:29: warning: format '%d' expects a matching 'int' argument [-Wformat=]
   else {printf("Le nombre (%d) est un nombre IMPAIR\n");}
                            ~^
..\src\manager\GProcessExo4.c:42:29: warning: format '%d' expects a matching 'int' argument [-Wformat=]
gcc -o GProject.exe "src\\main.o" "src\\manager\\GConfig.o" "src\\manager\\GConfigNormal.o" "src\\manager\\GProcess.o" "src\\manager\\GProcessExo3.o" "src\\manager\\GProcessExo4.o" "src\\manager\\GProcessExo5.o" "src\\manager\\GProcessExo6.o" "src\\manager\\GSetting.o" "src\\manager\\GString.o" 
14:22:09 **** Incremental Build of configuration Release for project GProject ****
Info: Internal Builder is used for build
gcc "-IC:\\Users\\gerard\\Downloads\\Gerard\\Programs\\C\\code\\eclipse\\GProject\\src\\manager" -O3 -Wall -c -fmessage-length=0 -o "src\\manager\\GProcessExo4.o" "..\\src\\manager\\GProcessExo4.c" 
gcc -o GProject.exe "src\\main.o" "src\\manager\\GConfig.o" "src\\manager\\GConfigNormal.o" "src\\manager\\GProcess.o" "src\\manager\\GProcessExo3.o" "src\\manager\\GProcessExo4.o" "src\\manager\\GProcessExo5.o" "src\\manager\\GProcessExo6.o" "src\\manager\\GSetting.o" "src\\manager\\GString.o" 
14:23:16 **** Incremental Build of configuration Release for project GProject ****
Info: Internal Builder is used for build
gcc "-IC:\\Users\\gerard\\Downloads\\Gerard\\Programs\\C\\code\\eclipse\\GProject\\src\\manager" -O3 -Wall -c -fmessage-length=0 -o "src\\manager\\GProcessExo4.o" "..\\src\\manager\\GProcessExo4.c" 
gcc -o GProject.exe "src\\main.o" "src\\manager\\GConfig.o" "src\\manager\\GConfigNormal.o" "src\\manager\\GProcess.o" "src\\manager\\GProcessExo3.o" "src\\manager\\GProcessExo4.o" "src\\manager\\GProcessExo5.o" "src\\manager\\GProcessExo6.o" "src\\manager\\GSetting.o" "src\\manager\\GString.o" 
14:25:07 **** Incremental Build of configuration Release for project GProject ****
Info: Internal Builder is used for build
gcc "-IC:\\Users\\gerard\\Downloads\\Gerard\\Programs\\C\\code\\eclipse\\GProject\\src\\manager" -O3 -Wall -c -fmessage-length=0 -o "src\\manager\\GProcessExo4.o" "..\\src\\manager\\GProcessExo4.c" 
gcc -o GProject.exe "src\\main.o" "src\\manager\\GConfig.o" "src\\manager\\GConfigNormal.o" "src\\manager\\GProcess.o" "src\\manager\\GProcessExo3.o" "src\\manager\\GProcessExo4.o" "src\\manager\\GProcessExo5.o" "src\\manager\\GProcessExo6.o" "src\\manager\\GSetting.o" "src\\manager\\GString.o" 
14:25:59 **** Incremental Build of configuration Release for project GProject ****
Info: Internal Builder is used for build
gcc "-IC:\\Users\\gerard\\Downloads\\Gerard\\Programs\\C\\code\\eclipse\\GProject\\src\\manager" -O3 -Wall -c -fmessage-length=0 -o "src\\manager\\GProcessExo4.o" "..\\src\\manager\\GProcessExo4.c" 
gcc -o GProject.exe "src\\main.o" "src\\manager\\GConfig.o" "src\\manager\\GConfigNormal.o" "src\\manager\\GProcess.o" "src\\manager\\GProcessExo3.o" "src\\manager\\GProcessExo4.o" "src\\manager\\GProcessExo5.o" "src\\manager\\GProcessExo6.o" "src\\manager\\GSetting.o" "src\\manager\\GString.o" 
14:27:12 **** Incremental Build of configuration Release for project GProject ****
Info: Internal Builder is used for build
gcc "-IC:\\Users\\gerard\\Downloads\\Gerard\\Programs\\C\\code\\eclipse\\GProject\\src\\manager" -O3 -Wall -c -fmessage-length=0 -o "src\\manager\\GProcessExo4.o" "..\\src\\manager\\GProcessExo4.c" 
gcc -o GProject.exe "src\\main.o" "src\\manager\\GConfig.o" "src\\manager\\GConfigNormal.o" "src\\manager\\GProcess.o" "src\\manager\\GProcessExo3.o" "src\\manager\\GProcessExo4.o" "src\\manager\\GProcessExo5.o" "src\\manager\\GProcessExo6.o" "src\\manager\\GSetting.o" "src\\manager\\GString.o" 
14:28:22 **** Incremental Build of configuration Release for project GProject ****
Info: Internal Builder is used for build
gcc "-IC:\\Users\\gerard\\Downloads\\Gerard\\Programs\\C\\code\\eclipse\\GProject\\src\\manager" -O3 -Wall -c -fmessage-length=0 -o "src\\manager\\GProcessExo4.o" "..\\src\\manager\\GProcessExo4.c" 
gcc -o GProject.exe "src\\main.o" "src\\manager\\GConfig.o" "src\\manager\\GConfigNormal.o" "src\\manager\\GProcess.o" "src\\manager\\GProcessExo3.o" "src\\manager\\GProcessExo4.o" "src\\manager\\GProcessExo5.o" "src\\manager\\GProcessExo6.o" "src\\manager\\GSetting.o" "src\\manager\\GString.o" 
14:29:02 **** Incremental Build of configuration Release for project GProject ****
Info: Internal Builder is used for build
gcc "-IC:\\Users\\gerard\\Downloads\\Gerard\\Programs\\C\\code\\eclipse\\GProject\\src\\manager" -O3 -Wall -c -fmessage-length=0 -o "src\\manager\\GProcessExo4.o" "..\\src\\manager\\GProcessExo4.c" 
gcc -o GProject.exe "src\\main.o" "src\\manager\\GConfig.o" "src\\manager\\GConfigNormal.o" "src\\manager\\GProcess.o" "src\\manager\\GProcessExo3.o" "src\\manager\\GProcessExo4.o" "src\\manager\\GProcessExo5.o" "src\\manager\\GProcessExo6.o" "src\\manager\\GSetting.o" "src\\manager\\GString.o" 
14:29:48 **** Incremental Build of configuration Release for project GProject ****
Info: Internal Builder is used for build
gcc "-IC:\\Users\\gerard\\Downloads\\Gerard\\Programs\\C\\code\\eclipse\\GProject\\src\\manager" -O3 -Wall -c -fmessage-length=0 -o "src\\manager\\GProcessExo4.o" "..\\src\\manager\\GProcessExo4.c" 
gcc -o GProject.exe "src\\main.o" "src\\manager\\GConfig.o" "src\\manager\\GConfigNormal.o" "src\\manager\\GProcess.o" "src\\manager\\GProcessExo3.o" "src\\manager\\GProcessExo4.o" "src\\manager\\GProcessExo5.o" "src\\manager\\GProcessExo6.o" "src\\manager\\GSetting.o" "src\\manager\\GString.o" 
14:30:35 **** Incremental Build of configuration Release for project GProject ****
Info: Internal Builder is used for build
gcc "-IC:\\Users\\gerard\\Downloads\\Gerard\\Programs\\C\\code\\eclipse\\GProject\\src\\manager" -O3 -Wall -c -fmessage-length=0 -o "src\\manager\\GProcessExo4.o" "..\\src\\manager\\GProcessExo4.c" 
..\src\manager\GProcessExo4.c: In function 'GProcessExo4_Run':
..\src\manager\GProcessExo4.c:46:16: error: expected ';' before '}' token
   fflush(stdin)
                ^
                ;
  }
  ~              
14:30:38 **** Incremental Build of configuration Release for project GProject ****
Info: Internal Builder is used for build
gcc "-IC:\\Users\\gerard\\Downloads\\Gerard\\Programs\\C\\code\\eclipse\\GProject\\src\\manager" -O3 -Wall -c -fmessage-length=0 -o "src\\manager\\GProcessExo4.o" "..\\src\\manager\\GProcessExo4.c" 
gcc -o GProject.exe "src\\main.o" "src\\manager\\GConfig.o" "src\\manager\\GConfigNormal.o" "src\\manager\\GProcess.o" "src\\manager\\GProcessExo3.o" "src\\manager\\GProcessExo4.o" "src\\manager\\GProcessExo5.o" "src\\manager\\GProcessExo6.o" "src\\manager\\GSetting.o" "src\\manager\\GString.o" 
14:31:18 **** Incremental Build of configuration Release for project GProject ****
Info: Internal Builder is used for build
gcc "-IC:\\Users\\gerard\\Downloads\\Gerard\\Programs\\C\\code\\eclipse\\GProject\\src\\manager" -O3 -Wall -c -fmessage-length=0 -o "src\\manager\\GProcessExo4.o" "..\\src\\manager\\GProcessExo4.c" 
gcc -o GProject.exe "src\\main.o" "src\\manager\\GConfig.o" "src\\manager\\GConfigNormal.o" "src\\manager\\GProcess.o" "src\\manager\\GProcessExo3.o" "src\\manager\\GProcessExo4.o" "src\\manager\\GProcessExo5.o" "src\\manager\\GProcessExo6.o" "src\\manager\\GSetting.o" "src\\manager\\GString.o" 
C:/Users/gerard/Downloads/Gerard/x86_64-8.1.0-release-win32-sjlj-rt_v6-rev0/mingw64/bin/../lib/gcc/x86_64-w64-mingw32/8.1.0/../../../../x86_64-w64-mingw32/bin/ld.exe: cannot open output file GProject.exe: Permission denied
collect2.exe: error: ld returned 1 exit status
14:31:25 **** Incremental Build of configuration Release for project GProject ****
Info: Internal Builder is used for build
gcc -o GProject.exe "src\\main.o" "src\\manager\\GConfig.o" "src\\manager\\GConfigNormal.o" "src\\manager\\GProcess.o" "src\\manager\\GProcessExo3.o" "src\\manager\\GProcessExo4.o" "src\\manager\\GProcessExo5.o" "src\\manager\\GProcessExo6.o" "src\\manager\\GSetting.o" "src\\manager\\GString.o" 
14:40:13 **** Incremental Build of configuration Release for project GProject ****
Info: Internal Builder is used for build
gcc "-IC:\\Users\\gerard\\Downloads\\Gerard\\Programs\\C\\code\\eclipse\\GProject\\src\\manager" -O3 -Wall -c -fmessage-length=0 -o "src\\manager\\GProcessExo5.o" "..\\src\\manager\\GProcessExo5.c" 
..\src\manager\GProcessExo5.c: In function 'GProcessExo5_Run':
..\src\manager\GProcessExo5.c:32:6: warning: variable 'lOk' set but not used [-Wunused-but-set-variable]
  int lOk;
      ^~~
gcc -o GProject.exe "src\\main.o" "src\\manager\\GConfig.o" "src\\manager\\GConfigNormal.o" "src\\manager\\GProcess.o" "src\\manager\\GProcessExo3.o" "src\\manager\\GProcessExo4.o" "src\\manager\\GProcessExo5.o" "src\\manager\\GProcessExo6.o" "src\\manager\\GSetting.o" "src\\manager\\GString.o" 
14:42:05 **** Incremental Build of configuration Release for project GProject ****
Info: Internal Builder is used for build
gcc "-IC:\\Users\\gerard\\Downloads\\Gerard\\Programs\\C\\code\\eclipse\\GProject\\src\\manager" -O3 -Wall -c -fmessage-length=0 -o "src\\manager\\GProcessExo5.o" "..\\src\\manager\\GProcessExo5.c" 
gcc -o GProject.exe "src\\main.o" "src\\manager\\GConfig.o" "src\\manager\\GConfigNormal.o" "src\\manager\\GProcess.o" "src\\manager\\GProcessExo3.o" "src\\manager\\GProcessExo4.o" "src\\manager\\GProcessExo5.o" "src\\manager\\GProcessExo6.o" "src\\manager\\GSetting.o" "src\\manager\\GString.o" 
14:48:33 **** Incremental Build of configuration Release for project GProject ****
Info: Internal Builder is used for build
gcc "-IC:\\Users\\gerard\\Downloads\\Gerard\\Programs\\C\\code\\eclipse\\GProject\\src\\manager" -O3 -Wall -c -fmessage-length=0 -o "src\\manager\\GProcessExo5.o" "..\\src\\manager\\GProcessExo5.c" 
gcc -o GProject.exe "src\\main.o" "src\\manager\\GConfig.o" "src\\manager\\GConfigNormal.o" "src\\manager\\GProcess.o" "src\\manager\\GProcessExo3.o" "src\\manager\\GProcessExo4.o" "src\\manager\\GProcessExo5.o" "src\\manager\\GProcessExo6.o" "src\\manager\\GSetting.o" "src\\manager\\GString.o" 
14:49:10 **** Incremental Build of configuration Release for project GProject ****
Info: Internal Builder is used for build
gcc "-IC:\\Users\\gerard\\Downloads\\Gerard\\Programs\\C\\code\\eclipse\\GProject\\src\\manager" -O3 -Wall -c -fmessage-length=0 -o "src\\manager\\GProcessExo5.o" "..\\src\\manager\\GProcessExo5.c" 
gcc -o GProject.exe "src\\main.o" "src\\manager\\GConfig.o" "src\\manager\\GConfigNormal.o" "src\\manager\\GProcess.o" "src\\manager\\GProcessExo3.o" "src\\manager\\GProcessExo4.o" "src\\manager\\GProcessExo5.o" "src\\manager\\GProcessExo6.o" "src\\manager\\GSetting.o" "src\\manager\\GString.o" 
15:12:08 **** Incremental Build of configuration Release for project GProject ****
Info: Internal Builder is used for build
gcc "-IC:\\Users\\gerard\\Downloads\\Gerard\\Programs\\C\\code\\eclipse\\GProject\\src\\manager" -O3 -Wall -c -fmessage-length=0 -o "src\\manager\\GProcessExo49.o" "..\\src\\manager\\GProcessExo49.c" 
gcc "-IC:\\Users\\gerard\\Downloads\\Gerard\\Programs\\C\\code\\eclipse\\GProject\\src\\manager" -O3 -Wall -c -fmessage-length=0 -o "src\\manager\\GProcessExo3.o" "..\\src\\manager\\GProcessExo3.c" 
gcc "-IC:\\Users\\gerard\\Downloads\\Gerard\\Programs\\C\\code\\eclipse\\GProject\\src\\manager" -O3 -Wall -c -fmessage-length=0 -o "src\\manager\\GProcessExo50.o" "..\\src\\manager\\GProcessExo50.c" 
gcc "-IC:\\Users\\gerard\\Downloads\\Gerard\\Programs\\C\\code\\eclipse\\GProject\\src\\manager" -O3 -Wall -c -fmessage-length=0 -o "src\\manager\\GProcessExo51.o" "..\\src\\manager\\GProcessExo51.c" 
gcc "-IC:\\Users\\gerard\\Downloads\\Gerard\\Programs\\C\\code\\eclipse\\GProject\\src\\manager" -O3 -Wall -c -fmessage-length=0 -o "src\\manager\\GProcessExo6.o" "..\\src\\manager\\GProcessExo6.c" 
..\src\manager\GProcessExo6.c: In function 'GProcessExo6_Run':
..\src\manager\GProcessExo6.c:34:6: warning: unused variable 'lOk' [-Wunused-variable]
  int lOk;
      ^~~
..\src\manager\GProcessExo6.c:33:6: warning: unused variable 'lDataMax' [-Wunused-variable]
  int lDataMax;
      ^~~~~~~~
..\src\manager\GProcessExo6.c:32:6: warning: unused variable 'lDataMin' [-Wunused-variable]
  int lDataMin;
      ^~~~~~~~
..\src\manager\GProcessExo6.c:31:6: warning: unused variable 'lDataMap' [-Wunused-variable]
  int lDataMap[128];
      ^~~~~~~~
gcc "-IC:\\Users\\gerard\\Downloads\\Gerard\\Programs\\C\\code\\eclipse\\GProject\\src\\manager" -O3 -Wall -c -fmessage-length=0 -o "src\\manager\\GProcessExo52.o" "..\\src\\manager\\GProcessExo52.c" 
gcc -o GProject.exe "src\\main.o" "src\\manager\\GConfig.o" "src\\manager\\GConfigNormal.o" "src\\manager\\GProcess.o" "src\\manager\\GProcessExo3.o" "src\\manager\\GProcessExo4.o" "src\\manager\\GProcessExo49.o" "src\\manager\\GProcessExo5.o" "src\\manager\\GProcessExo50.o" "src\\manager\\GProcessExo51.o" "src\\manager\\GProcessExo52.o" "src\\manager\\GProcessExo6.o" "src\\manager\\GSetting.o" "src\\manager\\GString.o" 
src\manager\GProcessExo50.o:GProcessExo50.c:(.text+0x0): multiple definition of `GProcessExo5_Delete'
src\manager\GProcessExo5.o:GProcessExo5.c:(.text+0x0): first defined here
src\manager\GProcessExo50.o:GProcessExo50.c:(.text+0x10): multiple definition of `GProcessExo5_Run'
src\manager\GProcessExo5.o:GProcessExo5.c:(.text+0x10): first defined here
src\manager\GProcessExo50.o:GProcessExo50.c:(.text+0x120): multiple definition of `GProcessExo5_New'
src\manager\GProcessExo5.o:GProcessExo5.c:(.text+0x120): first defined here
src\manager\GProcessExo50.o:GProcessExo50.c:(.text+0x170): multiple definition of `GProcessExo5'
src\manager\GProcessExo5.o:GProcessExo5.c:(.text+0x170): first defined here
src\manager\GProcessExo51.o:GProcessExo51.c:(.text+0x0): multiple definition of `GProcessExo5_Delete'
src\manager\GProcessExo5.o:GProcessExo5.c:(.text+0x0): first defined here
src\manager\GProcessExo51.o:GProcessExo51.c:(.text+0x10): multiple definition of `GProcessExo5_Run'
src\manager\GProcessExo5.o:GProcessExo5.c:(.text+0x10): first defined here
src\manager\GProcessExo51.o:GProcessExo51.c:(.text+0x120): multiple definition of `GProcessExo5_New'
src\manager\GProcessExo5.o:GProcessExo5.c:(.text+0x120): first defined here
src\manager\GProcessExo51.o:GProcessExo51.c:(.text+0x170): multiple definition of `GProcessExo5'
src\manager\GProcessExo5.o:GProcessExo5.c:(.text+0x170): first defined here
src\manager\GProcessExo52.o:GProcessExo52.c:(.text+0x0): multiple definition of `GProcessExo5_Delete'
src\manager\GProcessExo5.o:GProcessExo5.c:(.text+0x0): first defined here
src\manager\GProcessExo52.o:GProcessExo52.c:(.text+0x10): multiple definition of `GProcessExo5_Run'
src\manager\GProcessExo5.o:GProcessExo5.c:(.text+0x10): first defined here
src\manager\GProcessExo52.o:GProcessExo52.c:(.text+0x120): multiple definition of `GProcessExo5_New'
src\manager\GProcessExo5.o:GProcessExo5.c:(.text+0x120): first defined here
src\manager\GProcessExo52.o:GProcessExo52.c:(.text+0x170): multiple definition of `GProcessExo5'
src\manager\GProcessExo5.o:GProcessExo5.c:(.text+0x170): first defined here
collect2.exe: error: ld returned 1 exit status
15:13:05 **** Incremental Build of configuration Release for project GProject ****
Info: Internal Builder is used for build
gcc "-IC:\\Users\\gerard\\Downloads\\Gerard\\Programs\\C\\code\\eclipse\\GProject\\src\\manager" -O3 -Wall -c -fmessage-length=0 -o "src\\manager\\GProcessExo51.o" "..\\src\\manager\\GProcessExo51.c" 
gcc "-IC:\\Users\\gerard\\Downloads\\Gerard\\Programs\\C\\code\\eclipse\\GProject\\src\\manager" -O3 -Wall -c -fmessage-length=0 -o "src\\manager\\GProcessExo52.o" "..\\src\\manager\\GProcessExo52.c" 
gcc "-IC:\\Users\\gerard\\Downloads\\Gerard\\Programs\\C\\code\\eclipse\\GProject\\src\\manager" -O3 -Wall -c -fmessage-length=0 -o "src\\manager\\GProcessExo50.o" "..\\src\\manager\\GProcessExo50.c" 
gcc -o GProject.exe "src\\main.o" "src\\manager\\GConfig.o" "src\\manager\\GConfigNormal.o" "src\\manager\\GProcess.o" "src\\manager\\GProcessExo3.o" "src\\manager\\GProcessExo4.o" "src\\manager\\GProcessExo49.o" "src\\manager\\GProcessExo5.o" "src\\manager\\GProcessExo50.o" "src\\manager\\GProcessExo51.o" "src\\manager\\GProcessExo52.o" "src\\manager\\GProcessExo6.o" "src\\manager\\GSetting.o" "src\\manager\\GString.o" 
15:14:27 **** Incremental Build of configuration Release for project GProject ****
Info: Internal Builder is used for build
gcc "-IC:\\Users\\gerard\\Downloads\\Gerard\\Programs\\C\\code\\eclipse\\GProject\\src\\manager" -O3 -Wall -c -fmessage-length=0 -o "src\\manager\\GProcess.o" "..\\src\\manager\\GProcess.c" 
gcc -o GProject.exe "src\\main.o" "src\\manager\\GConfig.o" "src\\manager\\GConfigNormal.o" "src\\manager\\GProcess.o" "src\\manager\\GProcessExo3.o" "src\\manager\\GProcessExo4.o" "src\\manager\\GProcessExo49.o" "src\\manager\\GProcessExo5.o" "src\\manager\\GProcessExo50.o" "src\\manager\\GProcessExo51.o" "src\\manager\\GProcessExo52.o" "src\\manager\\GProcessExo6.o" "src\\manager\\GSetting.o" "src\\manager\\GString.o" 
15:19:12 **** Incremental Build of configuration Release for project GProject ****
Info: Internal Builder is used for build
gcc "-IC:\\Users\\gerard\\Downloads\\Gerard\\Programs\\C\\code\\eclipse\\GProject\\src\\manager" -O3 -Wall -c -fmessage-length=0 -o "src\\manager\\GProcessExo49.o" "..\\src\\manager\\GProcessExo49.c" 
gcc -o GProject.exe "src\\main.o" "src\\manager\\GConfig.o" "src\\manager\\GConfigNormal.o" "src\\manager\\GProcess.o" "src\\manager\\GProcessExo3.o" "src\\manager\\GProcessExo4.o" "src\\manager\\GProcessExo49.o" "src\\manager\\GProcessExo5.o" "src\\manager\\GProcessExo50.o" "src\\manager\\GProcessExo51.o" "src\\manager\\GProcessExo52.o" "src\\manager\\GProcessExo6.o" "src\\manager\\GSetting.o" "src\\manager\\GString.o" 
15:29:26 **** Incremental Build of configuration Release for project GProject ****
Info: Internal Builder is used for build
gcc "-IC:\\Users\\gerard\\Downloads\\Gerard\\Programs\\C\\code\\eclipse\\GProject\\src\\manager" -O3 -Wall -c -fmessage-length=0 -o "src\\manager\\GProcessExo49.o" "..\\src\\manager\\GProcessExo49.c" 
..\src\manager\GProcessExo49.c: In function 'GProcessExo49_Run':
..\src\manager\GProcessExo49.c:50:1: error: expected declaration or statement at end of input
 }
 ^
..\src\manager\GProcessExo49.c:42:9: warning: unused variable 'lTree' [-Wunused-variable]
  GArbre lTree = 0;
         ^~~~~
At top level:
..\src\manager\GProcessExo49.c:48:8: warning: 'ajouter' defined but not used [-Wunused-function]
 GArbre ajouter(char* sAjout, GArbre tree) {
        ^~~~~~~
15:29:46 **** Incremental Build of configuration Release for project GProject ****
Info: Internal Builder is used for build
gcc "-IC:\\Users\\gerard\\Downloads\\Gerard\\Programs\\C\\code\\eclipse\\GProject\\src\\manager" -O3 -Wall -c -fmessage-length=0 -o "src\\manager\\GProcessExo49.o" "..\\src\\manager\\GProcessExo49.c" 
..\src\manager\GProcessExo49.c: In function 'GProcessExo49_Run':
..\src\manager\GProcessExo49.c:42:9: warning: unused variable 'lTree' [-Wunused-variable]
  GArbre lTree = 0;
         ^~~~~
gcc -o GProject.exe "src\\main.o" "src\\manager\\GConfig.o" "src\\manager\\GConfigNormal.o" "src\\manager\\GProcess.o" "src\\manager\\GProcessExo3.o" "src\\manager\\GProcessExo4.o" "src\\manager\\GProcessExo49.o" "src\\manager\\GProcessExo5.o" "src\\manager\\GProcessExo50.o" "src\\manager\\GProcessExo51.o" "src\\manager\\GProcessExo52.o" "src\\manager\\GProcessExo6.o" "src\\manager\\GSetting.o" "src\\manager\\GString.o" 
15:33:12 **** Incremental Build of configuration Release for project GProject ****
Info: Internal Builder is used for build
gcc "-IC:\\Users\\gerard\\Downloads\\Gerard\\Programs\\C\\code\\eclipse\\GProject\\src\\manager" -O3 -Wall -c -fmessage-length=0 -o "src\\manager\\GProcessExo49.o" "..\\src\\manager\\GProcessExo49.c" 
gcc -o GProject.exe "src\\main.o" "src\\manager\\GConfig.o" "src\\manager\\GConfigNormal.o" "src\\manager\\GProcess.o" "src\\manager\\GProcessExo3.o" "src\\manager\\GProcessExo4.o" "src\\manager\\GProcessExo49.o" "src\\manager\\GProcessExo5.o" "src\\manager\\GProcessExo50.o" "src\\manager\\GProcessExo51.o" "src\\manager\\GProcessExo52.o" "src\\manager\\GProcessExo6.o" "src\\manager\\GSetting.o" "src\\manager\\GString.o" 
15:34:32 **** Incremental Build of configuration Release for project GProject ****
Info: Internal Builder is used for build
gcc "-IC:\\Users\\gerard\\Downloads\\Gerard\\Programs\\C\\code\\eclipse\\GProject\\src\\manager" -O3 -Wall -c -fmessage-length=0 -o "src\\manager\\GProcessExo49.o" "..\\src\\manager\\GProcessExo49.c" 
..\src\manager\GProcessExo49.c: In function 'GProcessExo49_Run':
..\src\manager\GProcessExo49.c:52:10: error: too few arguments to function 'ajouter'
  lTree = ajouter("Ubuntu");
          ^~~~~~~
..\src\manager\GProcessExo49.c:17:8: note: declared here
 GArbre ajouter(char* sAjout, GArbre tree);
        ^~~~~~~
15:34:46 **** Incremental Build of configuration Release for project GProject ****
Info: Internal Builder is used for build
gcc "-IC:\\Users\\gerard\\Downloads\\Gerard\\Programs\\C\\code\\eclipse\\GProject\\src\\manager" -O3 -Wall -c -fmessage-length=0 -o "src\\manager\\GProcessExo49.o" "..\\src\\manager\\GProcessExo49.c" 
..\src\manager\GProcessExo49.c: In function 'GProcessExo49_Run':
..\src\manager\GProcessExo49.c:52:10: error: too few arguments to function 'ajouter'
  lTree = ajouter("Ubuntu");
          ^~~~~~~
..\src\manager\GProcessExo49.c:17:8: note: declared here
 GArbre ajouter(const char* sAjout, GArbre tree);
        ^~~~~~~
15:35:06 **** Incremental Build of configuration Release for project GProject ****
Info: Internal Builder is used for build
gcc "-IC:\\Users\\gerard\\Downloads\\Gerard\\Programs\\C\\code\\eclipse\\GProject\\src\\manager" -O3 -Wall -c -fmessage-length=0 -o "src\\manager\\GProcessExo49.o" "..\\src\\manager\\GProcessExo49.c" 
..\src\manager\GProcessExo49.c: In function 'GProcessExo49_Run':
..\src\manager\GProcessExo49.c:52:10: error: too few arguments to function 'ajouter'
  lTree = ajouter("Ubuntu");
          ^~~~~~~
..\src\manager\GProcessExo49.c:17:8: note: declared here
 GArbre ajouter(const char* sAjout, GArbre tree);
        ^~~~~~~
15:35:23 **** Incremental Build of configuration Release for project GProject ****
Info: Internal Builder is used for build
gcc "-IC:\\Users\\gerard\\Downloads\\Gerard\\Programs\\C\\code\\eclipse\\GProject\\src\\manager" -O3 -Wall -c -fmessage-length=0 -o "src\\manager\\GProcessExo49.o" "..\\src\\manager\\GProcessExo49.c" 
gcc -o GProject.exe "src\\main.o" "src\\manager\\GConfig.o" "src\\manager\\GConfigNormal.o" "src\\manager\\GProcess.o" "src\\manager\\GProcessExo3.o" "src\\manager\\GProcessExo4.o" "src\\manager\\GProcessExo49.o" "src\\manager\\GProcessExo5.o" "src\\manager\\GProcessExo50.o" "src\\manager\\GProcessExo51.o" "src\\manager\\GProcessExo52.o" "src\\manager\\GProcessExo6.o" "src\\manager\\GSetting.o" "src\\manager\\GString.o" 
15:35:33 **** Incremental Build of configuration Release for project GProject ****
Info: Internal Builder is used for build
gcc "-IC:\\Users\\gerard\\Downloads\\Gerard\\Programs\\C\\code\\eclipse\\GProject\\src\\manager" -O3 -Wall -c -fmessage-length=0 -o "src\\manager\\GProcessExo49.o" "..\\src\\manager\\GProcessExo49.c" 
gcc -o GProject.exe "src\\main.o" "src\\manager\\GConfig.o" "src\\manager\\GConfigNormal.o" "src\\manager\\GProcess.o" "src\\manager\\GProcessExo3.o" "src\\manager\\GProcessExo4.o" "src\\manager\\GProcessExo49.o" "src\\manager\\GProcessExo5.o" "src\\manager\\GProcessExo50.o" "src\\manager\\GProcessExo51.o" "src\\manager\\GProcessExo52.o" "src\\manager\\GProcessExo6.o" "src\\manager\\GSetting.o" "src\\manager\\GString.o" 
15:37:50 **** Incremental Build of configuration Release for project GProject ****
Info: Internal Builder is used for build
gcc "-IC:\\Users\\gerard\\Downloads\\Gerard\\Programs\\C\\code\\eclipse\\GProject\\src\\manager" -O3 -Wall -c -fmessage-length=0 -o "src\\manager\\GProcessExo49.o" "..\\src\\manager\\GProcessExo49.c" 
gcc -o GProject.exe "src\\main.o" "src\\manager\\GConfig.o" "src\\manager\\GConfigNormal.o" "src\\manager\\GProcess.o" "src\\manager\\GProcessExo3.o" "src\\manager\\GProcessExo4.o" "src\\manager\\GProcessExo49.o" "src\\manager\\GProcessExo5.o" "src\\manager\\GProcessExo50.o" "src\\manager\\GProcessExo51.o" "src\\manager\\GProcessExo52.o" "src\\manager\\GProcessExo6.o" "src\\manager\\GSetting.o" "src\\manager\\GString.o" 
16:13:13 **** Incremental Build of configuration Release for project GProject ****
Info: Internal Builder is used for build
gcc "-IC:\\Users\\gerard\\Downloads\\Gerard\\Programs\\C\\code\\eclipse\\GProject\\src\\manager" -O3 -Wall -c -fmessage-length=0 -o "src\\manager\\GProcessExo49.o" "..\\src\\manager\\GProcessExo49.c" 
gcc -o GProject.exe "src\\main.o" "src\\manager\\GConfig.o" "src\\manager\\GConfigNormal.o" "src\\manager\\GProcess.o" "src\\manager\\GProcessExo3.o" "src\\manager\\GProcessExo4.o" "src\\manager\\GProcessExo49.o" "src\\manager\\GProcessExo5.o" "src\\manager\\GProcessExo50.o" "src\\manager\\GProcessExo51.o" "src\\manager\\GProcessExo52.o" "src\\manager\\GProcessExo6.o" "src\\manager\\GSetting.o" "src\\manager\\GString.o" 
16:28:45 **** Incremental Build of configuration Release for project GProject ****
Info: Internal Builder is used for build
gcc "-IC:\\Users\\gerard\\Downloads\\Gerard\\Programs\\C\\code\\eclipse\\GProject\\src\\manager" -O3 -Wall -c -fmessage-length=0 -o "src\\manager\\GProcessExo49.o" "..\\src\\manager\\GProcessExo49.c" 
gcc -o GProject.exe "src\\main.o" "src\\manager\\GConfig.o" "src\\manager\\GConfigNormal.o" "src\\manager\\GProcess.o" "src\\manager\\GProcessExo3.o" "src\\manager\\GProcessExo4.o" "src\\manager\\GProcessExo49.o" "src\\manager\\GProcessExo5.o" "src\\manager\\GProcessExo50.o" "src\\manager\\GProcessExo51.o" "src\\manager\\GProcessExo52.o" "src\\manager\\GProcessExo6.o" "src\\manager\\GSetting.o" "src\\manager\\GString.o" 
16:31:00 **** Incremental Build of configuration Release for project GProject ****
Info: Internal Builder is used for build
gcc "-IC:\\Users\\gerard\\Downloads\\Gerard\\Programs\\C\\code\\eclipse\\GProject\\src\\manager" -O3 -Wall -c -fmessage-length=0 -o "src\\manager\\GProcessExo49.o" "..\\src\\manager\\GProcessExo49.c" 
gcc -o GProject.exe "src\\main.o" "src\\manager\\GConfig.o" "src\\manager\\GConfigNormal.o" "src\\manager\\GProcess.o" "src\\manager\\GProcessExo3.o" "src\\manager\\GProcessExo4.o" "src\\manager\\GProcessExo49.o" "src\\manager\\GProcessExo5.o" "src\\manager\\GProcessExo50.o" "src\\manager\\GProcessExo51.o" "src\\manager\\GProcessExo52.o" "src\\manager\\GProcessExo6.o" "src\\manager\\GSetting.o" "src\\manager\\GString.o" 
Info: Nothing to build for GProject
16:43:58 **** Incremental Build of configuration Release for project GProject ****
Info: Internal Builder is used for build
gcc "-IC:\\Users\\gerard\\Downloads\\Gerard\\Programs\\C\\code\\eclipse\\GProject\\src\\manager" -O3 -Wall -c -fmessage-length=0 -o "src\\manager\\GProcessExo49.o" "..\\src\\manager\\GProcessExo49.c" 
..\src\manager\GProcessExo49.c: In function 'ajouter':
..\src\manager\GProcessExo49.c:57:10: warning: unused variable 'lNext' [-Wunused-variable]
  GNoeud* lNext;
          ^~~~~
..\src\manager\GProcessExo49.c:56:10: warning: unused variable 'lPrevious' [-Wunused-variable]
  GNoeud* lPrevious;
          ^~~~~~~~~
gcc -o GProject.exe "src\\main.o" "src\\manager\\GConfig.o" "src\\manager\\GConfigNormal.o" "src\\manager\\GProcess.o" "src\\manager\\GProcessExo3.o" "src\\manager\\GProcessExo4.o" "src\\manager\\GProcessExo49.o" "src\\manager\\GProcessExo5.o" "src\\manager\\GProcessExo50.o" "src\\manager\\GProcessExo51.o" "src\\manager\\GProcessExo52.o" "src\\manager\\GProcessExo6.o" "src\\manager\\GSetting.o" "src\\manager\\GString.o" 
16:45:07 **** Incremental Build of configuration Release for project GProject ****
Info: Internal Builder is used for build
gcc "-IC:\\Users\\gerard\\Downloads\\Gerard\\Programs\\C\\code\\eclipse\\GProject\\src\\manager" -O3 -Wall -c -fmessage-length=0 -o "src\\manager\\GProcessExo49.o" "..\\src\\manager\\GProcessExo49.c" 
..\src\manager\GProcessExo49.c: In function 'ajouter':
..\src\manager\GProcessExo49.c:57:10: warning: unused variable 'lNext' [-Wunused-variable]
  GNoeud* lNext;
          ^~~~~
..\src\manager\GProcessExo49.c:56:10: warning: unused variable 'lPrevious' [-Wunused-variable]
  GNoeud* lPrevious;
          ^~~~~~~~~
gcc -o GProject.exe "src\\main.o" "src\\manager\\GConfig.o" "src\\manager\\GConfigNormal.o" "src\\manager\\GProcess.o" "src\\manager\\GProcessExo3.o" "src\\manager\\GProcessExo4.o" "src\\manager\\GProcessExo49.o" "src\\manager\\GProcessExo5.o" "src\\manager\\GProcessExo50.o" "src\\manager\\GProcessExo51.o" "src\\manager\\GProcessExo52.o" "src\\manager\\GProcessExo6.o" "src\\manager\\GSetting.o" "src\\manager\\GString.o" 
16:46:11 **** Incremental Build of configuration Release for project GProject ****
Info: Internal Builder is used for build
gcc "-IC:\\Users\\gerard\\Downloads\\Gerard\\Programs\\C\\code\\eclipse\\GProject\\src\\manager" -O3 -Wall -c -fmessage-length=0 -o "src\\manager\\GProcessExo49.o" "..\\src\\manager\\GProcessExo49.c" 
..\src\manager\GProcessExo49.c: In function 'ajouter':
..\src\manager\GProcessExo49.c:57:10: warning: unused variable 'lNext' [-Wunused-variable]
  GNoeud* lNext;
          ^~~~~
..\src\manager\GProcessExo49.c:56:10: warning: unused variable 'lPrevious' [-Wunused-variable]
  GNoeud* lPrevious;
          ^~~~~~~~~
gcc -o GProject.exe "src\\main.o" "src\\manager\\GConfig.o" "src\\manager\\GConfigNormal.o" "src\\manager\\GProcess.o" "src\\manager\\GProcessExo3.o" "src\\manager\\GProcessExo4.o" "src\\manager\\GProcessExo49.o" "src\\manager\\GProcessExo5.o" "src\\manager\\GProcessExo50.o" "src\\manager\\GProcessExo51.o" "src\\manager\\GProcessExo52.o" "src\\manager\\GProcessExo6.o" "src\\manager\\GSetting.o" "src\\manager\\GString.o" 
17:03:15 **** Incremental Build of configuration Release for project GProject ****
Info: Internal Builder is used for build
gcc "-IC:\\Users\\gerard\\Downloads\\Gerard\\Programs\\C\\code\\eclipse\\GProject\\src\\manager" -O3 -Wall -c -fmessage-length=0 -o "src\\manager\\GProcessExo49.o" "..\\src\\manager\\GProcessExo49.c" 
..\src\manager\GProcessExo49.c: In function 'ajouter':
..\src\manager\GProcessExo49.c:56:10: warning: unused variable 'lPrevious' [-Wunused-variable]
  GNoeud* lPrevious;
          ^~~~~~~~~
gcc -o GProject.exe "src\\main.o" "src\\manager\\GConfig.o" "src\\manager\\GConfigNormal.o" "src\\manager\\GProcess.o" "src\\manager\\GProcessExo3.o" "src\\manager\\GProcessExo4.o" "src\\manager\\GProcessExo49.o" "src\\manager\\GProcessExo5.o" "src\\manager\\GProcessExo50.o" "src\\manager\\GProcessExo51.o" "src\\manager\\GProcessExo52.o" "src\\manager\\GProcessExo6.o" "src\\manager\\GSetting.o" "src\\manager\\GString.o" 
17:04:03 **** Incremental Build of configuration Release for project GProject ****
Info: Internal Builder is used for build
gcc "-IC:\\Users\\gerard\\Downloads\\Gerard\\Programs\\C\\code\\eclipse\\GProject\\src\\manager" -O3 -Wall -c -fmessage-length=0 -o "src\\manager\\GProcessExo49.o" "..\\src\\manager\\GProcessExo49.c" 
..\src\manager\GProcessExo49.c: In function 'ajouter':
..\src\manager\GProcessExo49.c:56:10: warning: unused variable 'lPrevious' [-Wunused-variable]
  GNoeud* lPrevious;
          ^~~~~~~~~
gcc -o GProject.exe "src\\main.o" "src\\manager\\GConfig.o" "src\\manager\\GConfigNormal.o" "src\\manager\\GProcess.o" "src\\manager\\GProcessExo3.o" "src\\manager\\GProcessExo4.o" "src\\manager\\GProcessExo49.o" "src\\manager\\GProcessExo5.o" "src\\manager\\GProcessExo50.o" "src\\manager\\GProcessExo51.o" "src\\manager\\GProcessExo52.o" "src\\manager\\GProcessExo6.o" "src\\manager\\GSetting.o" "src\\manager\\GString.o" 
17:05:31 **** Incremental Build of configuration Release for project GProject ****
Info: Internal Builder is used for build
gcc "-IC:\\Users\\gerard\\Downloads\\Gerard\\Programs\\C\\code\\eclipse\\GProject\\src\\manager" -O3 -Wall -c -fmessage-length=0 -o "src\\manager\\GProcessExo49.o" "..\\src\\manager\\GProcessExo49.c" 
gcc -o GProject.exe "src\\main.o" "src\\manager\\GConfig.o" "src\\manager\\GConfigNormal.o" "src\\manager\\GProcess.o" "src\\manager\\GProcessExo3.o" "src\\manager\\GProcessExo4.o" "src\\manager\\GProcessExo49.o" "src\\manager\\GProcessExo5.o" "src\\manager\\GProcessExo50.o" "src\\manager\\GProcessExo51.o" "src\\manager\\GProcessExo52.o" "src\\manager\\GProcessExo6.o" "src\\manager\\GSetting.o" "src\\manager\\GString.o" 
17:07:01 **** Incremental Build of configuration Release for project GProject ****
Info: Internal Builder is used for build
gcc "-IC:\\Users\\gerard\\Downloads\\Gerard\\Programs\\C\\code\\eclipse\\GProject\\src\\manager" -O3 -Wall -c -fmessage-length=0 -o "src\\manager\\GProcessExo49.o" "..\\src\\manager\\GProcessExo49.c" 
gcc -o GProject.exe "src\\main.o" "src\\manager\\GConfig.o" "src\\manager\\GConfigNormal.o" "src\\manager\\GProcess.o" "src\\manager\\GProcessExo3.o" "src\\manager\\GProcessExo4.o" "src\\manager\\GProcessExo49.o" "src\\manager\\GProcessExo5.o" "src\\manager\\GProcessExo50.o" "src\\manager\\GProcessExo51.o" "src\\manager\\GProcessExo52.o" "src\\manager\\GProcessExo6.o" "src\\manager\\GSetting.o" "src\\manager\\GString.o" 
